2020-11-08T10:06:42+00:00 ERROR Error getting remote inbox notification data feed
2020-11-08T10:06:42+00:00 ERROR WP_Error Object
(
    [errors] => Array
        (
            [http_request_failed] => Array
                (
                    [0] => cURL error 28: Connection timed out after 5005 milliseconds
                )

        )

    [error_data] => Array
        (
        )

)

2020-11-08T10:06:47+00:00 ERROR Error getting remote inbox notification data feed
2020-11-08T10:06:47+00:00 ERROR WP_Error Object
(
    [errors] => Array
        (
            [http_request_failed] => Array
                (
                    [0] => cURL error 28: Connection timed out after 5006 milliseconds
                )

        )

    [error_data] => Array
        (
        )

)

